<?xml version="1.0" encoding="UTF-8"?>
<!-- Generated by org.testng.reporters.JUnitReportReporter -->
<testsuite hostname="VA-LAP-096" failures="0" tests="1" name="CRM.automation.CRM.CRMLogin" time="14.835" errors="0" timestamp="31 May 2024 10:38:42 GMT">
  <testcase classname="CRM.automation.CRM.CRMLogin" name="crmLoginTest" time="14.835"/>
</testsuite> <!-- CRM.automation.CRM.CRMLogin -->
